TEST: [py:tornado-py:asyncio_binary_stateless-ip]
*************************** server message ***************************
Wed Sep 07 21:19:43 2016
Executing: /usr/bin/python server.py --protocol=binary --transport=stateless --port=34372
Directory: /go/src/github.com/Workiva/frugal/test/integration/python/tornado
config:delay: 7
config:timeout: 7
==========================================================================

*************************** client message ***************************
Wed Sep 07 21:19:44 2016
Executing: python3.5 -u client.py --protocol=binary --transport=stateless --port=34372
Directory: /go/src/github.com/Workiva/frugal/test/integration/python/asyncio
config:delay: 7
config:timeout: 7
==========================================================================

********************************************************************************************************************************************
********************************************************************************************************************************************
********************************************************************************************************************************************
********************************************************************************************************************************************
********************************************************************************************************************************************

